Determining if the pthread_create exist failed with the following output:
Change Dir: /home/jhowell/Code/CS480-Workspace/cs480Howell/PA4/build/CMakeFiles/CMakeTmp

Run Build Command:"/usr/bin/make" "cmTC_10bbc/fast"
/usr/bin/make -f CMakeFiles/cmTC_10bbc.dir/build.make CMakeFiles/cmTC_10bbc.dir/build
make[1]: Entering directory '/home/jhowell/Code/CS480-Workspace/cs480Howell/PA4/build/CMakeFiles/CMakeTmp'
Building C object CMakeFiles/cmTC_10bbc.dir/CheckSymbolExists.c.o
/usr/bin/cc    -o CMakeFiles/cmTC_10bbc.dir/CheckSymbolExists.c.o   -c /home/jhowell/Code/CS480-Workspace/cs480Howell/PA4/build/CMakeFiles/CMakeTmp/CheckSymbolExists.c
Linking C executable cmTC_10bbc
/usr/bin/cmake -E cmake_link_script CMakeFiles/cmTC_10bbc.dir/link.txt --verbose=1
/usr/bin/cc      -rdynamic CMakeFiles/cmTC_10bbc.dir/CheckSymbolExists.c.o  -o cmTC_10bbc 
CMakeFiles/cmTC_10bbc.dir/CheckSymbolExists.c.o: In function `main':
CheckSymbolExists.c:(.text+0x1b): undefined reference to `pthread_create'
collect2: error: ld returned 1 exit status
CMakeFiles/cmTC_10bbc.dir/build.make:97: recipe for target 'cmTC_10bbc' failed
make[1]: *** [cmTC_10bbc] Error 1
make[1]: Leaving directory '/home/jhowell/Code/CS480-Workspace/cs480Howell/PA4/build/CMakeFiles/CMakeTmp'
Makefile:126: recipe for target 'cmTC_10bbc/fast' failed
make: *** [cmTC_10bbc/fast] Error 2

File /home/jhowell/Code/CS480-Workspace/cs480Howell/PA4/build/CMakeFiles/CMakeTmp/CheckSymbolExists.c:
/* */
#include <pthread.h>

int main(int argc, char** argv)
{
  (void)argv;
#ifndef pthread_create
  return ((int*)(&pthread_create))[argc];
#else
  (void)argc;
  return 0;
#endif
}

Determining if the function pthread_create exists in the pthreads failed with the following output:
Change Dir: /home/jhowell/Code/CS480-Workspace/cs480Howell/PA4/build/CMakeFiles/CMakeTmp

Run Build Command:"/usr/bin/make" "cmTC_1f885/fast"
/usr/bin/make -f CMakeFiles/cmTC_1f885.dir/build.make CMakeFiles/cmTC_1f885.dir/build
make[1]: Entering directory '/home/jhowell/Code/CS480-Workspace/cs480Howell/PA4/build/CMakeFiles/CMakeTmp'
Building C object CMakeFiles/cmTC_1f885.dir/CheckFunctionExists.c.o
/usr/bin/cc   -DCHECK_FUNCTION_EXISTS=pthread_create   -o CMakeFiles/cmTC_1f885.dir/CheckFunctionExists.c.o   -c /usr/share/cmake-3.10/Modules/CheckFunctionExists.c
Linking C executable cmTC_1f885
/usr/bin/cmake -E cmake_link_script CMakeFiles/cmTC_1f885.dir/link.txt --verbose=1
/usr/bin/cc  -DCHECK_FUNCTION_EXISTS=pthread_create    -rdynamic CMakeFiles/cmTC_1f885.dir/CheckFunctionExists.c.o  -o cmTC_1f885 -lpthreads 
/usr/bin/ld: cannot find -lpthreads
collect2: error: ld returned 1 exit status
CMakeFiles/cmTC_1f885.dir/build.make:97: recipe for target 'cmTC_1f885' failed
make[1]: *** [cmTC_1f885] Error 1
make[1]: Leaving directory '/home/jhowell/Code/CS480-Workspace/cs480Howell/PA4/build/CMakeFiles/CMakeTmp'
Makefile:126: recipe for target 'cmTC_1f885/fast' failed
make: *** [cmTC_1f885/fast] Error 2


Determining if the pthread_create exist failed with the following output:
Change Dir: /home/jhowell/Code/CS480-Workspace/cs480Howell/PA4/build/CMakeFiles/CMakeTmp

Run Build Command:"/usr/bin/make" "cmTC_2814f/fast"
make[1]: Entering directory '/home/jhowell/Code/CS480-Workspace/cs480Howell/PA4/build/CMakeFiles/CMakeTmp'
/usr/bin/make -f CMakeFiles/cmTC_2814f.dir/build.make CMakeFiles/cmTC_2814f.dir/build
make[2]: Entering directory '/home/jhowell/Code/CS480-Workspace/cs480Howell/PA4/build/CMakeFiles/CMakeTmp'
Building C object CMakeFiles/cmTC_2814f.dir/CheckSymbolExists.c.o
/usr/bin/cc    -o CMakeFiles/cmTC_2814f.dir/CheckSymbolExists.c.o   -c /home/jhowell/Code/CS480-Workspace/cs480Howell/PA4/build/CMakeFiles/CMakeTmp/CheckSymbolExists.c
Linking C executable cmTC_2814f
/usr/bin/cmake -E cmake_link_script CMakeFiles/cmTC_2814f.dir/link.txt --verbose=1
/usr/bin/cc      -rdynamic CMakeFiles/cmTC_2814f.dir/CheckSymbolExists.c.o  -o cmTC_2814f 
CMakeFiles/cmTC_2814f.dir/CheckSymbolExists.c.o: In function `main':
CheckSymbolExists.c:(.text+0x1b): undefined reference to `pthread_create'
collect2: error: ld returned 1 exit status
CMakeFiles/cmTC_2814f.dir/build.make:97: recipe for target 'cmTC_2814f' failed
make[2]: *** [cmTC_2814f] Error 1
make[2]: Leaving directory '/home/jhowell/Code/CS480-Workspace/cs480Howell/PA4/build/CMakeFiles/CMakeTmp'
Makefile:126: recipe for target 'cmTC_2814f/fast' failed
make[1]: *** [cmTC_2814f/fast] Error 2
make[1]: Leaving directory '/home/jhowell/Code/CS480-Workspace/cs480Howell/PA4/build/CMakeFiles/CMakeTmp'

File /home/jhowell/Code/CS480-Workspace/cs480Howell/PA4/build/CMakeFiles/CMakeTmp/CheckSymbolExists.c:
/* */
#include <pthread.h>

int main(int argc, char** argv)
{
  (void)argv;
#ifndef pthread_create
  return ((int*)(&pthread_create))[argc];
#else
  (void)argc;
  return 0;
#endif
}

Determining if the function pthread_create exists in the pthreads failed with the following output:
Change Dir: /home/jhowell/Code/CS480-Workspace/cs480Howell/PA4/build/CMakeFiles/CMakeTmp

Run Build Command:"/usr/bin/make" "cmTC_86344/fast"
make[1]: Entering directory '/home/jhowell/Code/CS480-Workspace/cs480Howell/PA4/build/CMakeFiles/CMakeTmp'
/usr/bin/make -f CMakeFiles/cmTC_86344.dir/build.make CMakeFiles/cmTC_86344.dir/build
make[2]: Entering directory '/home/jhowell/Code/CS480-Workspace/cs480Howell/PA4/build/CMakeFiles/CMakeTmp'
Building C object CMakeFiles/cmTC_86344.dir/CheckFunctionExists.c.o
/usr/bin/cc   -DCHECK_FUNCTION_EXISTS=pthread_create   -o CMakeFiles/cmTC_86344.dir/CheckFunctionExists.c.o   -c /usr/share/cmake-3.10/Modules/CheckFunctionExists.c
Linking C executable cmTC_86344
/usr/bin/cmake -E cmake_link_script CMakeFiles/cmTC_86344.dir/link.txt --verbose=1
/usr/bin/cc  -DCHECK_FUNCTION_EXISTS=pthread_create    -rdynamic CMakeFiles/cmTC_86344.dir/CheckFunctionExists.c.o  -o cmTC_86344 -lpthreads 
/usr/bin/ld: cannot find -lpthreads
collect2: error: ld returned 1 exit status
CMakeFiles/cmTC_86344.dir/build.make:97: recipe for target 'cmTC_86344' failed
make[2]: *** [cmTC_86344] Error 1
make[2]: Leaving directory '/home/jhowell/Code/CS480-Workspace/cs480Howell/PA4/build/CMakeFiles/CMakeTmp'
Makefile:126: recipe for target 'cmTC_86344/fast' failed
make[1]: *** [cmTC_86344/fast] Error 2
make[1]: Leaving directory '/home/jhowell/Code/CS480-Workspace/cs480Howell/PA4/build/CMakeFiles/CMakeTmp'


Determining if the pthread_create exist failed with the following output:
Change Dir: /home/jhowell/Code/CS480-Workspace/cs480Howell/PA4/build/CMakeFiles/CMakeTmp

Run Build Command:"/usr/bin/make" "cmTC_9cdb5/fast"
/usr/bin/make -f CMakeFiles/cmTC_9cdb5.dir/build.make CMakeFiles/cmTC_9cdb5.dir/build
make[1]: Entering directory '/home/jhowell/Code/CS480-Workspace/cs480Howell/PA4/build/CMakeFiles/CMakeTmp'
Building C object CMakeFiles/cmTC_9cdb5.dir/CheckSymbolExists.c.o
/usr/bin/cc    -o CMakeFiles/cmTC_9cdb5.dir/CheckSymbolExists.c.o   -c /home/jhowell/Code/CS480-Workspace/cs480Howell/PA4/build/CMakeFiles/CMakeTmp/CheckSymbolExists.c
Linking C executable cmTC_9cdb5
/usr/bin/cmake -E cmake_link_script CMakeFiles/cmTC_9cdb5.dir/link.txt --verbose=1
/usr/bin/cc      -rdynamic CMakeFiles/cmTC_9cdb5.dir/CheckSymbolExists.c.o  -o cmTC_9cdb5 
CMakeFiles/cmTC_9cdb5.dir/CheckSymbolExists.c.o: In function `main':
CheckSymbolExists.c:(.text+0x1b): undefined reference to `pthread_create'
collect2: error: ld returned 1 exit status
CMakeFiles/cmTC_9cdb5.dir/build.make:97: recipe for target 'cmTC_9cdb5' failed
make[1]: *** [cmTC_9cdb5] Error 1
make[1]: Leaving directory '/home/jhowell/Code/CS480-Workspace/cs480Howell/PA4/build/CMakeFiles/CMakeTmp'
Makefile:126: recipe for target 'cmTC_9cdb5/fast' failed
make: *** [cmTC_9cdb5/fast] Error 2

File /home/jhowell/Code/CS480-Workspace/cs480Howell/PA4/build/CMakeFiles/CMakeTmp/CheckSymbolExists.c:
/* */
#include <pthread.h>

int main(int argc, char** argv)
{
  (void)argv;
#ifndef pthread_create
  return ((int*)(&pthread_create))[argc];
#else
  (void)argc;
  return 0;
#endif
}

Determining if the function pthread_create exists in the pthreads failed with the following output:
Change Dir: /home/jhowell/Code/CS480-Workspace/cs480Howell/PA4/build/CMakeFiles/CMakeTmp

Run Build Command:"/usr/bin/make" "cmTC_ccead/fast"
/usr/bin/make -f CMakeFiles/cmTC_ccead.dir/build.make CMakeFiles/cmTC_ccead.dir/build
make[1]: Entering directory '/home/jhowell/Code/CS480-Workspace/cs480Howell/PA4/build/CMakeFiles/CMakeTmp'
Building C object CMakeFiles/cmTC_ccead.dir/CheckFunctionExists.c.o
/usr/bin/cc   -DCHECK_FUNCTION_EXISTS=pthread_create   -o CMakeFiles/cmTC_ccead.dir/CheckFunctionExists.c.o   -c /usr/share/cmake-3.10/Modules/CheckFunctionExists.c
Linking C executable cmTC_ccead
/usr/bin/cmake -E cmake_link_script CMakeFiles/cmTC_ccead.dir/link.txt --verbose=1
/usr/bin/cc  -DCHECK_FUNCTION_EXISTS=pthread_create    -rdynamic CMakeFiles/cmTC_ccead.dir/CheckFunctionExists.c.o  -o cmTC_ccead -lpthreads 
/usr/bin/ld: cannot find -lpthreads
collect2: error: ld returned 1 exit status
CMakeFiles/cmTC_ccead.dir/build.make:97: recipe for target 'cmTC_ccead' failed
make[1]: *** [cmTC_ccead] Error 1
make[1]: Leaving directory '/home/jhowell/Code/CS480-Workspace/cs480Howell/PA4/build/CMakeFiles/CMakeTmp'
Makefile:126: recipe for target 'cmTC_ccead/fast' failed
make: *** [cmTC_ccead/fast] Error 2


Determining if the pthread_create exist failed with the following output:
Change Dir: /home/jhowell/Code/CS480-Workspace/cs480Howell/PA4/build/CMakeFiles/CMakeTmp

Run Build Command:"/usr/bin/make" "cmTC_fb68e/fast"
make[1]: Entering directory '/home/jhowell/Code/CS480-Workspace/cs480Howell/PA4/build/CMakeFiles/CMakeTmp'
/usr/bin/make -f CMakeFiles/cmTC_fb68e.dir/build.make CMakeFiles/cmTC_fb68e.dir/build
make[2]: Entering directory '/home/jhowell/Code/CS480-Workspace/cs480Howell/PA4/build/CMakeFiles/CMakeTmp'
Building C object CMakeFiles/cmTC_fb68e.dir/CheckSymbolExists.c.o
/usr/bin/cc    -o CMakeFiles/cmTC_fb68e.dir/CheckSymbolExists.c.o   -c /home/jhowell/Code/CS480-Workspace/cs480Howell/PA4/build/CMakeFiles/CMakeTmp/CheckSymbolExists.c
Linking C executable cmTC_fb68e
/usr/bin/cmake -E cmake_link_script CMakeFiles/cmTC_fb68e.dir/link.txt --verbose=1
/usr/bin/cc      -rdynamic CMakeFiles/cmTC_fb68e.dir/CheckSymbolExists.c.o  -o cmTC_fb68e 
CMakeFiles/cmTC_fb68e.dir/CheckSymbolExists.c.o: In function `main':
CheckSymbolExists.c:(.text+0x1b): undefined reference to `pthread_create'
collect2: error: ld returned 1 exit status
CMakeFiles/cmTC_fb68e.dir/build.make:97: recipe for target 'cmTC_fb68e' failed
make[2]: *** [cmTC_fb68e] Error 1
make[2]: Leaving directory '/home/jhowell/Code/CS480-Workspace/cs480Howell/PA4/build/CMakeFiles/CMakeTmp'
Makefile:126: recipe for target 'cmTC_fb68e/fast' failed
make[1]: *** [cmTC_fb68e/fast] Error 2
make[1]: Leaving directory '/home/jhowell/Code/CS480-Workspace/cs480Howell/PA4/build/CMakeFiles/CMakeTmp'

File /home/jhowell/Code/CS480-Workspace/cs480Howell/PA4/build/CMakeFiles/CMakeTmp/CheckSymbolExists.c:
/* */
#include <pthread.h>

int main(int argc, char** argv)
{
  (void)argv;
#ifndef pthread_create
  return ((int*)(&pthread_create))[argc];
#else
  (void)argc;
  return 0;
#endif
}

Determining if the function pthread_create exists in the pthreads failed with the following output:
Change Dir: /home/jhowell/Code/CS480-Workspace/cs480Howell/PA4/build/CMakeFiles/CMakeTmp

Run Build Command:"/usr/bin/make" "cmTC_7118c/fast"
make[1]: Entering directory '/home/jhowell/Code/CS480-Workspace/cs480Howell/PA4/build/CMakeFiles/CMakeTmp'
/usr/bin/make -f CMakeFiles/cmTC_7118c.dir/build.make CMakeFiles/cmTC_7118c.dir/build
make[2]: Entering directory '/home/jhowell/Code/CS480-Workspace/cs480Howell/PA4/build/CMakeFiles/CMakeTmp'
Building C object CMakeFiles/cmTC_7118c.dir/CheckFunctionExists.c.o
/usr/bin/cc   -DCHECK_FUNCTION_EXISTS=pthread_create   -o CMakeFiles/cmTC_7118c.dir/CheckFunctionExists.c.o   -c /usr/share/cmake-3.10/Modules/CheckFunctionExists.c
Linking C executable cmTC_7118c
/usr/bin/cmake -E cmake_link_script CMakeFiles/cmTC_7118c.dir/link.txt --verbose=1
/usr/bin/cc  -DCHECK_FUNCTION_EXISTS=pthread_create    -rdynamic CMakeFiles/cmTC_7118c.dir/CheckFunctionExists.c.o  -o cmTC_7118c -lpthreads 
/usr/bin/ld: cannot find -lpthreads
collect2: error: ld returned 1 exit status
CMakeFiles/cmTC_7118c.dir/build.make:97: recipe for target 'cmTC_7118c' failed
make[2]: *** [cmTC_7118c] Error 1
make[2]: Leaving directory '/home/jhowell/Code/CS480-Workspace/cs480Howell/PA4/build/CMakeFiles/CMakeTmp'
Makefile:126: recipe for target 'cmTC_7118c/fast' failed
make[1]: *** [cmTC_7118c/fast] Error 2
make[1]: Leaving directory '/home/jhowell/Code/CS480-Workspace/cs480Howell/PA4/build/CMakeFiles/CMakeTmp'


Determining if the pthread_create exist failed with the following output:
Change Dir: /home/jhowell/Code/CS480-Workspace/cs480Howell/PA5/build/CMakeFiles/CMakeTmp

Run Build Command:"/usr/bin/make" "cmTC_26572/fast"
/usr/bin/make -f CMakeFiles/cmTC_26572.dir/build.make CMakeFiles/cmTC_26572.dir/build
make[1]: Entering directory '/home/jhowell/Code/CS480-Workspace/cs480Howell/PA5/build/CMakeFiles/CMakeTmp'
Building C object CMakeFiles/cmTC_26572.dir/CheckSymbolExists.c.o
/usr/bin/cc    -o CMakeFiles/cmTC_26572.dir/CheckSymbolExists.c.o   -c /home/jhowell/Code/CS480-Workspace/cs480Howell/PA5/build/CMakeFiles/CMakeTmp/CheckSymbolExists.c
Linking C executable cmTC_26572
/usr/bin/cmake -E cmake_link_script CMakeFiles/cmTC_26572.dir/link.txt --verbose=1
/usr/bin/cc      -rdynamic CMakeFiles/cmTC_26572.dir/CheckSymbolExists.c.o  -o cmTC_26572 
CMakeFiles/cmTC_26572.dir/CheckSymbolExists.c.o: In function `main':
CheckSymbolExists.c:(.text+0x1b): undefined reference to `pthread_create'
collect2: error: ld returned 1 exit status
CMakeFiles/cmTC_26572.dir/build.make:97: recipe for target 'cmTC_26572' failed
make[1]: *** [cmTC_26572] Error 1
make[1]: Leaving directory '/home/jhowell/Code/CS480-Workspace/cs480Howell/PA5/build/CMakeFiles/CMakeTmp'
Makefile:126: recipe for target 'cmTC_26572/fast' failed
make: *** [cmTC_26572/fast] Error 2

File /home/jhowell/Code/CS480-Workspace/cs480Howell/PA5/build/CMakeFiles/CMakeTmp/CheckSymbolExists.c:
/* */
#include <pthread.h>

int main(int argc, char** argv)
{
  (void)argv;
#ifndef pthread_create
  return ((int*)(&pthread_create))[argc];
#else
  (void)argc;
  return 0;
#endif
}

Determining if the function pthread_create exists in the pthreads failed with the following output:
Change Dir: /home/jhowell/Code/CS480-Workspace/cs480Howell/PA5/build/CMakeFiles/CMakeTmp

Run Build Command:"/usr/bin/make" "cmTC_7b6c2/fast"
/usr/bin/make -f CMakeFiles/cmTC_7b6c2.dir/build.make CMakeFiles/cmTC_7b6c2.dir/build
make[1]: Entering directory '/home/jhowell/Code/CS480-Workspace/cs480Howell/PA5/build/CMakeFiles/CMakeTmp'
Building C object CMakeFiles/cmTC_7b6c2.dir/CheckFunctionExists.c.o
/usr/bin/cc   -DCHECK_FUNCTION_EXISTS=pthread_create   -o CMakeFiles/cmTC_7b6c2.dir/CheckFunctionExists.c.o   -c /usr/share/cmake-3.10/Modules/CheckFunctionExists.c
Linking C executable cmTC_7b6c2
/usr/bin/cmake -E cmake_link_script CMakeFiles/cmTC_7b6c2.dir/link.txt --verbose=1
/usr/bin/cc  -DCHECK_FUNCTION_EXISTS=pthread_create    -rdynamic CMakeFiles/cmTC_7b6c2.dir/CheckFunctionExists.c.o  -o cmTC_7b6c2 -lpthreads 
/usr/bin/ld: cannot find -lpthreads
collect2: error: ld returned 1 exit status
CMakeFiles/cmTC_7b6c2.dir/build.make:97: recipe for target 'cmTC_7b6c2' failed
make[1]: *** [cmTC_7b6c2] Error 1
make[1]: Leaving directory '/home/jhowell/Code/CS480-Workspace/cs480Howell/PA5/build/CMakeFiles/CMakeTmp'
Makefile:126: recipe for target 'cmTC_7b6c2/fast' failed
make: *** [cmTC_7b6c2/fast] Error 2


Determining if the pthread_create exist failed with the following output:
Change Dir: /home/jhowell/Code/CS480-Workspace/cs480Howell/PA5-test/build/CMakeFiles/CMakeTmp

Run Build Command:"/usr/bin/make" "cmTC_c7fb2/fast"
/usr/bin/make -f CMakeFiles/cmTC_c7fb2.dir/build.make CMakeFiles/cmTC_c7fb2.dir/build
make[1]: Entering directory '/home/jhowell/Code/CS480-Workspace/cs480Howell/PA5-test/build/CMakeFiles/CMakeTmp'
Building C object CMakeFiles/cmTC_c7fb2.dir/CheckSymbolExists.c.o
/usr/bin/cc    -o CMakeFiles/cmTC_c7fb2.dir/CheckSymbolExists.c.o   -c /home/jhowell/Code/CS480-Workspace/cs480Howell/PA5-test/build/CMakeFiles/CMakeTmp/CheckSymbolExists.c
Linking C executable cmTC_c7fb2
/usr/bin/cmake -E cmake_link_script CMakeFiles/cmTC_c7fb2.dir/link.txt --verbose=1
/usr/bin/cc      -rdynamic CMakeFiles/cmTC_c7fb2.dir/CheckSymbolExists.c.o  -o cmTC_c7fb2 
CMakeFiles/cmTC_c7fb2.dir/CheckSymbolExists.c.o: In function `main':
CheckSymbolExists.c:(.text+0x1b): undefined reference to `pthread_create'
collect2: error: ld returned 1 exit status
CMakeFiles/cmTC_c7fb2.dir/build.make:97: recipe for target 'cmTC_c7fb2' failed
make[1]: *** [cmTC_c7fb2] Error 1
make[1]: Leaving directory '/home/jhowell/Code/CS480-Workspace/cs480Howell/PA5-test/build/CMakeFiles/CMakeTmp'
Makefile:126: recipe for target 'cmTC_c7fb2/fast' failed
make: *** [cmTC_c7fb2/fast] Error 2

File /home/jhowell/Code/CS480-Workspace/cs480Howell/PA5-test/build/CMakeFiles/CMakeTmp/CheckSymbolExists.c:
/* */
#include <pthread.h>

int main(int argc, char** argv)
{
  (void)argv;
#ifndef pthread_create
  return ((int*)(&pthread_create))[argc];
#else
  (void)argc;
  return 0;
#endif
}

Determining if the function pthread_create exists in the pthreads failed with the following output:
Change Dir: /home/jhowell/Code/CS480-Workspace/cs480Howell/PA5-test/build/CMakeFiles/CMakeTmp

Run Build Command:"/usr/bin/make" "cmTC_85d85/fast"
/usr/bin/make -f CMakeFiles/cmTC_85d85.dir/build.make CMakeFiles/cmTC_85d85.dir/build
make[1]: Entering directory '/home/jhowell/Code/CS480-Workspace/cs480Howell/PA5-test/build/CMakeFiles/CMakeTmp'
Building C object CMakeFiles/cmTC_85d85.dir/CheckFunctionExists.c.o
/usr/bin/cc   -DCHECK_FUNCTION_EXISTS=pthread_create   -o CMakeFiles/cmTC_85d85.dir/CheckFunctionExists.c.o   -c /usr/share/cmake-3.10/Modules/CheckFunctionExists.c
Linking C executable cmTC_85d85
/usr/bin/cmake -E cmake_link_script CMakeFiles/cmTC_85d85.dir/link.txt --verbose=1
/usr/bin/cc  -DCHECK_FUNCTION_EXISTS=pthread_create    -rdynamic CMakeFiles/cmTC_85d85.dir/CheckFunctionExists.c.o  -o cmTC_85d85 -lpthreads 
/usr/bin/ld: cannot find -lpthreads
collect2: error: ld returned 1 exit status
CMakeFiles/cmTC_85d85.dir/build.make:97: recipe for target 'cmTC_85d85' failed
make[1]: *** [cmTC_85d85] Error 1
make[1]: Leaving directory '/home/jhowell/Code/CS480-Workspace/cs480Howell/PA5-test/build/CMakeFiles/CMakeTmp'
Makefile:126: recipe for target 'cmTC_85d85/fast' failed
make: *** [cmTC_85d85/fast] Error 2


Determining if the pthread_create exist failed with the following output:
Change Dir: /home/jhowell/Code/CS480-Workspace/cs480Howell/PA5/build/CMakeFiles/CMakeTmp

Run Build Command:"/usr/bin/make" "cmTC_e40bd/fast"
/usr/bin/make -f CMakeFiles/cmTC_e40bd.dir/build.make CMakeFiles/cmTC_e40bd.dir/build
make[1]: Entering directory '/home/jhowell/Code/CS480-Workspace/cs480Howell/PA5/build/CMakeFiles/CMakeTmp'
Building C object CMakeFiles/cmTC_e40bd.dir/CheckSymbolExists.c.o
/usr/bin/cc    -o CMakeFiles/cmTC_e40bd.dir/CheckSymbolExists.c.o   -c /home/jhowell/Code/CS480-Workspace/cs480Howell/PA5/build/CMakeFiles/CMakeTmp/CheckSymbolExists.c
Linking C executable cmTC_e40bd
/usr/bin/cmake -E cmake_link_script CMakeFiles/cmTC_e40bd.dir/link.txt --verbose=1
/usr/bin/cc      -rdynamic CMakeFiles/cmTC_e40bd.dir/CheckSymbolExists.c.o  -o cmTC_e40bd 
CMakeFiles/cmTC_e40bd.dir/CheckSymbolExists.c.o: In function `main':
CheckSymbolExists.c:(.text+0x1b): undefined reference to `pthread_create'
collect2: error: ld returned 1 exit status
CMakeFiles/cmTC_e40bd.dir/build.make:97: recipe for target 'cmTC_e40bd' failed
make[1]: *** [cmTC_e40bd] Error 1
make[1]: Leaving directory '/home/jhowell/Code/CS480-Workspace/cs480Howell/PA5/build/CMakeFiles/CMakeTmp'
Makefile:126: recipe for target 'cmTC_e40bd/fast' failed
make: *** [cmTC_e40bd/fast] Error 2

File /home/jhowell/Code/CS480-Workspace/cs480Howell/PA5/build/CMakeFiles/CMakeTmp/CheckSymbolExists.c:
/* */
#include <pthread.h>

int main(int argc, char** argv)
{
  (void)argv;
#ifndef pthread_create
  return ((int*)(&pthread_create))[argc];
#else
  (void)argc;
  return 0;
#endif
}

Determining if the function pthread_create exists in the pthreads failed with the following output:
Change Dir: /home/jhowell/Code/CS480-Workspace/cs480Howell/PA5/build/CMakeFiles/CMakeTmp

Run Build Command:"/usr/bin/make" "cmTC_14450/fast"
/usr/bin/make -f CMakeFiles/cmTC_14450.dir/build.make CMakeFiles/cmTC_14450.dir/build
make[1]: Entering directory '/home/jhowell/Code/CS480-Workspace/cs480Howell/PA5/build/CMakeFiles/CMakeTmp'
Building C object CMakeFiles/cmTC_14450.dir/CheckFunctionExists.c.o
/usr/bin/cc   -DCHECK_FUNCTION_EXISTS=pthread_create   -o CMakeFiles/cmTC_14450.dir/CheckFunctionExists.c.o   -c /usr/share/cmake-3.10/Modules/CheckFunctionExists.c
Linking C executable cmTC_14450
/usr/bin/cmake -E cmake_link_script CMakeFiles/cmTC_14450.dir/link.txt --verbose=1
/usr/bin/cc  -DCHECK_FUNCTION_EXISTS=pthread_create    -rdynamic CMakeFiles/cmTC_14450.dir/CheckFunctionExists.c.o  -o cmTC_14450 -lpthreads 
/usr/bin/ld: cannot find -lpthreads
collect2: error: ld returned 1 exit status
CMakeFiles/cmTC_14450.dir/build.make:97: recipe for target 'cmTC_14450' failed
make[1]: *** [cmTC_14450] Error 1
make[1]: Leaving directory '/home/jhowell/Code/CS480-Workspace/cs480Howell/PA5/build/CMakeFiles/CMakeTmp'
Makefile:126: recipe for target 'cmTC_14450/fast' failed
make: *** [cmTC_14450/fast] Error 2


Determining if the pthread_create exist failed with the following output:
Change Dir: /home/jhowell/Code/CS480-Workspace/cs480Howell/PA6/build/CMakeFiles/CMakeTmp

Run Build Command:"/usr/bin/make" "cmTC_8d344/fast"
/usr/bin/make -f CMakeFiles/cmTC_8d344.dir/build.make CMakeFiles/cmTC_8d344.dir/build
make[1]: Entering directory '/home/jhowell/Code/CS480-Workspace/cs480Howell/PA6/build/CMakeFiles/CMakeTmp'
Building C object CMakeFiles/cmTC_8d344.dir/CheckSymbolExists.c.o
/usr/bin/cc    -o CMakeFiles/cmTC_8d344.dir/CheckSymbolExists.c.o   -c /home/jhowell/Code/CS480-Workspace/cs480Howell/PA6/build/CMakeFiles/CMakeTmp/CheckSymbolExists.c
Linking C executable cmTC_8d344
/usr/bin/cmake -E cmake_link_script CMakeFiles/cmTC_8d344.dir/link.txt --verbose=1
/usr/bin/cc      -rdynamic CMakeFiles/cmTC_8d344.dir/CheckSymbolExists.c.o  -o cmTC_8d344 
CMakeFiles/cmTC_8d344.dir/CheckSymbolExists.c.o: In function `main':
CheckSymbolExists.c:(.text+0x1b): undefined reference to `pthread_create'
collect2: error: ld returned 1 exit status
CMakeFiles/cmTC_8d344.dir/build.make:97: recipe for target 'cmTC_8d344' failed
make[1]: *** [cmTC_8d344] Error 1
make[1]: Leaving directory '/home/jhowell/Code/CS480-Workspace/cs480Howell/PA6/build/CMakeFiles/CMakeTmp'
Makefile:126: recipe for target 'cmTC_8d344/fast' failed
make: *** [cmTC_8d344/fast] Error 2

File /home/jhowell/Code/CS480-Workspace/cs480Howell/PA6/build/CMakeFiles/CMakeTmp/CheckSymbolExists.c:
/* */
#include <pthread.h>

int main(int argc, char** argv)
{
  (void)argv;
#ifndef pthread_create
  return ((int*)(&pthread_create))[argc];
#else
  (void)argc;
  return 0;
#endif
}

Determining if the function pthread_create exists in the pthreads failed with the following output:
Change Dir: /home/jhowell/Code/CS480-Workspace/cs480Howell/PA6/build/CMakeFiles/CMakeTmp

Run Build Command:"/usr/bin/make" "cmTC_cc9bf/fast"
/usr/bin/make -f CMakeFiles/cmTC_cc9bf.dir/build.make CMakeFiles/cmTC_cc9bf.dir/build
make[1]: Entering directory '/home/jhowell/Code/CS480-Workspace/cs480Howell/PA6/build/CMakeFiles/CMakeTmp'
Building C object CMakeFiles/cmTC_cc9bf.dir/CheckFunctionExists.c.o
/usr/bin/cc   -DCHECK_FUNCTION_EXISTS=pthread_create   -o CMakeFiles/cmTC_cc9bf.dir/CheckFunctionExists.c.o   -c /usr/share/cmake-3.10/Modules/CheckFunctionExists.c
Linking C executable cmTC_cc9bf
/usr/bin/cmake -E cmake_link_script CMakeFiles/cmTC_cc9bf.dir/link.txt --verbose=1
/usr/bin/cc  -DCHECK_FUNCTION_EXISTS=pthread_create    -rdynamic CMakeFiles/cmTC_cc9bf.dir/CheckFunctionExists.c.o  -o cmTC_cc9bf -lpthreads 
/usr/bin/ld: cannot find -lpthreads
collect2: error: ld returned 1 exit status
CMakeFiles/cmTC_cc9bf.dir/build.make:97: recipe for target 'cmTC_cc9bf' failed
make[1]: *** [cmTC_cc9bf] Error 1
make[1]: Leaving directory '/home/jhowell/Code/CS480-Workspace/cs480Howell/PA6/build/CMakeFiles/CMakeTmp'
Makefile:126: recipe for target 'cmTC_cc9bf/fast' failed
make: *** [cmTC_cc9bf/fast] Error 2


Determining if the pthread_create exist failed with the following output:
Change Dir: /home/jhowell/Code/CS480-Workspace/cs480Howell/PA6-test/build/CMakeFiles/CMakeTmp

Run Build Command:"/usr/bin/make" "cmTC_d68b3/fast"
/usr/bin/make -f CMakeFiles/cmTC_d68b3.dir/build.make CMakeFiles/cmTC_d68b3.dir/build
make[1]: Entering directory '/home/jhowell/Code/CS480-Workspace/cs480Howell/PA6-test/build/CMakeFiles/CMakeTmp'
Building C object CMakeFiles/cmTC_d68b3.dir/CheckSymbolExists.c.o
/usr/bin/cc    -o CMakeFiles/cmTC_d68b3.dir/CheckSymbolExists.c.o   -c /home/jhowell/Code/CS480-Workspace/cs480Howell/PA6-test/build/CMakeFiles/CMakeTmp/CheckSymbolExists.c
Linking C executable cmTC_d68b3
/usr/bin/cmake -E cmake_link_script CMakeFiles/cmTC_d68b3.dir/link.txt --verbose=1
/usr/bin/cc      -rdynamic CMakeFiles/cmTC_d68b3.dir/CheckSymbolExists.c.o  -o cmTC_d68b3 
CMakeFiles/cmTC_d68b3.dir/CheckSymbolExists.c.o: In function `main':
CheckSymbolExists.c:(.text+0x1b): undefined reference to `pthread_create'
collect2: error: ld returned 1 exit status
CMakeFiles/cmTC_d68b3.dir/build.make:97: recipe for target 'cmTC_d68b3' failed
make[1]: *** [cmTC_d68b3] Error 1
make[1]: Leaving directory '/home/jhowell/Code/CS480-Workspace/cs480Howell/PA6-test/build/CMakeFiles/CMakeTmp'
Makefile:126: recipe for target 'cmTC_d68b3/fast' failed
make: *** [cmTC_d68b3/fast] Error 2

File /home/jhowell/Code/CS480-Workspace/cs480Howell/PA6-test/build/CMakeFiles/CMakeTmp/CheckSymbolExists.c:
/* */
#include <pthread.h>

int main(int argc, char** argv)
{
  (void)argv;
#ifndef pthread_create
  return ((int*)(&pthread_create))[argc];
#else
  (void)argc;
  return 0;
#endif
}

Determining if the function pthread_create exists in the pthreads failed with the following output:
Change Dir: /home/jhowell/Code/CS480-Workspace/cs480Howell/PA6-test/build/CMakeFiles/CMakeTmp

Run Build Command:"/usr/bin/make" "cmTC_8e17e/fast"
/usr/bin/make -f CMakeFiles/cmTC_8e17e.dir/build.make CMakeFiles/cmTC_8e17e.dir/build
make[1]: Entering directory '/home/jhowell/Code/CS480-Workspace/cs480Howell/PA6-test/build/CMakeFiles/CMakeTmp'
Building C object CMakeFiles/cmTC_8e17e.dir/CheckFunctionExists.c.o
/usr/bin/cc   -DCHECK_FUNCTION_EXISTS=pthread_create   -o CMakeFiles/cmTC_8e17e.dir/CheckFunctionExists.c.o   -c /usr/share/cmake-3.10/Modules/CheckFunctionExists.c
Linking C executable cmTC_8e17e
/usr/bin/cmake -E cmake_link_script CMakeFiles/cmTC_8e17e.dir/link.txt --verbose=1
/usr/bin/cc  -DCHECK_FUNCTION_EXISTS=pthread_create    -rdynamic CMakeFiles/cmTC_8e17e.dir/CheckFunctionExists.c.o  -o cmTC_8e17e -lpthreads 
/usr/bin/ld: cannot find -lpthreads
collect2: error: ld returned 1 exit status
CMakeFiles/cmTC_8e17e.dir/build.make:97: recipe for target 'cmTC_8e17e' failed
make[1]: *** [cmTC_8e17e] Error 1
make[1]: Leaving directory '/home/jhowell/Code/CS480-Workspace/cs480Howell/PA6-test/build/CMakeFiles/CMakeTmp'
Makefile:126: recipe for target 'cmTC_8e17e/fast' failed
make: *** [cmTC_8e17e/fast] Error 2


Determining if the pthread_create exist failed with the following output:
Change Dir: /home/jhowell/Code/CS480-Workspace/cs480Howell/PA6-test/build/CMakeFiles/CMakeTmp

Run Build Command:"/usr/bin/make" "cmTC_b29ca/fast"
/usr/bin/make -f CMakeFiles/cmTC_b29ca.dir/build.make CMakeFiles/cmTC_b29ca.dir/build
make[1]: Entering directory '/home/jhowell/Code/CS480-Workspace/cs480Howell/PA6-test/build/CMakeFiles/CMakeTmp'
Building C object CMakeFiles/cmTC_b29ca.dir/CheckSymbolExists.c.o
/usr/bin/cc    -o CMakeFiles/cmTC_b29ca.dir/CheckSymbolExists.c.o   -c /home/jhowell/Code/CS480-Workspace/cs480Howell/PA6-test/build/CMakeFiles/CMakeTmp/CheckSymbolExists.c
Linking C executable cmTC_b29ca
/usr/bin/cmake -E cmake_link_script CMakeFiles/cmTC_b29ca.dir/link.txt --verbose=1
/usr/bin/cc      -rdynamic CMakeFiles/cmTC_b29ca.dir/CheckSymbolExists.c.o  -o cmTC_b29ca 
CMakeFiles/cmTC_b29ca.dir/CheckSymbolExists.c.o: In function `main':
CheckSymbolExists.c:(.text+0x1b): undefined reference to `pthread_create'
collect2: error: ld returned 1 exit status
CMakeFiles/cmTC_b29ca.dir/build.make:97: recipe for target 'cmTC_b29ca' failed
make[1]: *** [cmTC_b29ca] Error 1
make[1]: Leaving directory '/home/jhowell/Code/CS480-Workspace/cs480Howell/PA6-test/build/CMakeFiles/CMakeTmp'
Makefile:126: recipe for target 'cmTC_b29ca/fast' failed
make: *** [cmTC_b29ca/fast] Error 2

File /home/jhowell/Code/CS480-Workspace/cs480Howell/PA6-test/build/CMakeFiles/CMakeTmp/CheckSymbolExists.c:
/* */
#include <pthread.h>

int main(int argc, char** argv)
{
  (void)argv;
#ifndef pthread_create
  return ((int*)(&pthread_create))[argc];
#else
  (void)argc;
  return 0;
#endif
}

Determining if the function pthread_create exists in the pthreads failed with the following output:
Change Dir: /home/jhowell/Code/CS480-Workspace/cs480Howell/PA6-test/build/CMakeFiles/CMakeTmp

Run Build Command:"/usr/bin/make" "cmTC_ff369/fast"
/usr/bin/make -f CMakeFiles/cmTC_ff369.dir/build.make CMakeFiles/cmTC_ff369.dir/build
make[1]: Entering directory '/home/jhowell/Code/CS480-Workspace/cs480Howell/PA6-test/build/CMakeFiles/CMakeTmp'
Building C object CMakeFiles/cmTC_ff369.dir/CheckFunctionExists.c.o
/usr/bin/cc   -DCHECK_FUNCTION_EXISTS=pthread_create   -o CMakeFiles/cmTC_ff369.dir/CheckFunctionExists.c.o   -c /usr/share/cmake-3.10/Modules/CheckFunctionExists.c
Linking C executable cmTC_ff369
/usr/bin/cmake -E cmake_link_script CMakeFiles/cmTC_ff369.dir/link.txt --verbose=1
/usr/bin/cc  -DCHECK_FUNCTION_EXISTS=pthread_create    -rdynamic CMakeFiles/cmTC_ff369.dir/CheckFunctionExists.c.o  -o cmTC_ff369 -lpthreads 
/usr/bin/ld: cannot find -lpthreads
collect2: error: ld returned 1 exit status
CMakeFiles/cmTC_ff369.dir/build.make:97: recipe for target 'cmTC_ff369' failed
make[1]: *** [cmTC_ff369] Error 1
make[1]: Leaving directory '/home/jhowell/Code/CS480-Workspace/cs480Howell/PA6-test/build/CMakeFiles/CMakeTmp'
Makefile:126: recipe for target 'cmTC_ff369/fast' failed
make: *** [cmTC_ff369/fast] Error 2


Determining if the pthread_create exist failed with the following output:
Change Dir: /home/jhowell/Code/CS480-Workspace/cs480Howell/PA6/build/CMakeFiles/CMakeTmp

Run Build Command:"/usr/bin/make" "cmTC_12902/fast"
/usr/bin/make -f CMakeFiles/cmTC_12902.dir/build.make CMakeFiles/cmTC_12902.dir/build
make[1]: Entering directory '/home/jhowell/Code/CS480-Workspace/cs480Howell/PA6/build/CMakeFiles/CMakeTmp'
Building C object CMakeFiles/cmTC_12902.dir/CheckSymbolExists.c.o
/usr/bin/cc    -o CMakeFiles/cmTC_12902.dir/CheckSymbolExists.c.o   -c /home/jhowell/Code/CS480-Workspace/cs480Howell/PA6/build/CMakeFiles/CMakeTmp/CheckSymbolExists.c
Linking C executable cmTC_12902
/usr/bin/cmake -E cmake_link_script CMakeFiles/cmTC_12902.dir/link.txt --verbose=1
/usr/bin/cc      -rdynamic CMakeFiles/cmTC_12902.dir/CheckSymbolExists.c.o  -o cmTC_12902 
CMakeFiles/cmTC_12902.dir/CheckSymbolExists.c.o: In function `main':
CheckSymbolExists.c:(.text+0x1b): undefined reference to `pthread_create'
collect2: error: ld returned 1 exit status
CMakeFiles/cmTC_12902.dir/build.make:97: recipe for target 'cmTC_12902' failed
make[1]: *** [cmTC_12902] Error 1
make[1]: Leaving directory '/home/jhowell/Code/CS480-Workspace/cs480Howell/PA6/build/CMakeFiles/CMakeTmp'
Makefile:126: recipe for target 'cmTC_12902/fast' failed
make: *** [cmTC_12902/fast] Error 2

File /home/jhowell/Code/CS480-Workspace/cs480Howell/PA6/build/CMakeFiles/CMakeTmp/CheckSymbolExists.c:
/* */
#include <pthread.h>

int main(int argc, char** argv)
{
  (void)argv;
#ifndef pthread_create
  return ((int*)(&pthread_create))[argc];
#else
  (void)argc;
  return 0;
#endif
}

Determining if the function pthread_create exists in the pthreads failed with the following output:
Change Dir: /home/jhowell/Code/CS480-Workspace/cs480Howell/PA6/build/CMakeFiles/CMakeTmp

Run Build Command:"/usr/bin/make" "cmTC_29646/fast"
/usr/bin/make -f CMakeFiles/cmTC_29646.dir/build.make CMakeFiles/cmTC_29646.dir/build
make[1]: Entering directory '/home/jhowell/Code/CS480-Workspace/cs480Howell/PA6/build/CMakeFiles/CMakeTmp'
Building C object CMakeFiles/cmTC_29646.dir/CheckFunctionExists.c.o
/usr/bin/cc   -DCHECK_FUNCTION_EXISTS=pthread_create   -o CMakeFiles/cmTC_29646.dir/CheckFunctionExists.c.o   -c /usr/share/cmake-3.10/Modules/CheckFunctionExists.c
Linking C executable cmTC_29646
/usr/bin/cmake -E cmake_link_script CMakeFiles/cmTC_29646.dir/link.txt --verbose=1
/usr/bin/cc  -DCHECK_FUNCTION_EXISTS=pthread_create    -rdynamic CMakeFiles/cmTC_29646.dir/CheckFunctionExists.c.o  -o cmTC_29646 -lpthreads 
/usr/bin/ld: cannot find -lpthreads
collect2: error: ld returned 1 exit status
CMakeFiles/cmTC_29646.dir/build.make:97: recipe for target 'cmTC_29646' failed
make[1]: *** [cmTC_29646] Error 1
make[1]: Leaving directory '/home/jhowell/Code/CS480-Workspace/cs480Howell/PA6/build/CMakeFiles/CMakeTmp'
Makefile:126: recipe for target 'cmTC_29646/fast' failed
make: *** [cmTC_29646/fast] Error 2


Determining if the pthread_create exist failed with the following output:
Change Dir: /home/jhowell/Code/CS480-Workspace/cs480Howell/PA6/build/CMakeFiles/CMakeTmp

Run Build Command:"/usr/bin/make" "cmTC_5ccba/fast"
/usr/bin/make -f CMakeFiles/cmTC_5ccba.dir/build.make CMakeFiles/cmTC_5ccba.dir/build
make[1]: Entering directory '/home/jhowell/Code/CS480-Workspace/cs480Howell/PA6/build/CMakeFiles/CMakeTmp'
Building C object CMakeFiles/cmTC_5ccba.dir/CheckSymbolExists.c.o
/usr/bin/cc    -o CMakeFiles/cmTC_5ccba.dir/CheckSymbolExists.c.o   -c /home/jhowell/Code/CS480-Workspace/cs480Howell/PA6/build/CMakeFiles/CMakeTmp/CheckSymbolExists.c
Linking C executable cmTC_5ccba
/usr/bin/cmake -E cmake_link_script CMakeFiles/cmTC_5ccba.dir/link.txt --verbose=1
/usr/bin/cc      -rdynamic CMakeFiles/cmTC_5ccba.dir/CheckSymbolExists.c.o  -o cmTC_5ccba 
CMakeFiles/cmTC_5ccba.dir/CheckSymbolExists.c.o: In function `main':
CheckSymbolExists.c:(.text+0x1b): undefined reference to `pthread_create'
collect2: error: ld returned 1 exit status
CMakeFiles/cmTC_5ccba.dir/build.make:97: recipe for target 'cmTC_5ccba' failed
make[1]: *** [cmTC_5ccba] Error 1
make[1]: Leaving directory '/home/jhowell/Code/CS480-Workspace/cs480Howell/PA6/build/CMakeFiles/CMakeTmp'
Makefile:126: recipe for target 'cmTC_5ccba/fast' failed
make: *** [cmTC_5ccba/fast] Error 2

File /home/jhowell/Code/CS480-Workspace/cs480Howell/PA6/build/CMakeFiles/CMakeTmp/CheckSymbolExists.c:
/* */
#include <pthread.h>

int main(int argc, char** argv)
{
  (void)argv;
#ifndef pthread_create
  return ((int*)(&pthread_create))[argc];
#else
  (void)argc;
  return 0;
#endif
}

Determining if the function pthread_create exists in the pthreads failed with the following output:
Change Dir: /home/jhowell/Code/CS480-Workspace/cs480Howell/PA6/build/CMakeFiles/CMakeTmp

Run Build Command:"/usr/bin/make" "cmTC_5f2dd/fast"
/usr/bin/make -f CMakeFiles/cmTC_5f2dd.dir/build.make CMakeFiles/cmTC_5f2dd.dir/build
make[1]: Entering directory '/home/jhowell/Code/CS480-Workspace/cs480Howell/PA6/build/CMakeFiles/CMakeTmp'
Building C object CMakeFiles/cmTC_5f2dd.dir/CheckFunctionExists.c.o
/usr/bin/cc   -DCHECK_FUNCTION_EXISTS=pthread_create   -o CMakeFiles/cmTC_5f2dd.dir/CheckFunctionExists.c.o   -c /usr/share/cmake-3.10/Modules/CheckFunctionExists.c
Linking C executable cmTC_5f2dd
/usr/bin/cmake -E cmake_link_script CMakeFiles/cmTC_5f2dd.dir/link.txt --verbose=1
/usr/bin/cc  -DCHECK_FUNCTION_EXISTS=pthread_create    -rdynamic CMakeFiles/cmTC_5f2dd.dir/CheckFunctionExists.c.o  -o cmTC_5f2dd -lpthreads 
/usr/bin/ld: cannot find -lpthreads
collect2: error: ld returned 1 exit status
CMakeFiles/cmTC_5f2dd.dir/build.make:97: recipe for target 'cmTC_5f2dd' failed
make[1]: *** [cmTC_5f2dd] Error 1
make[1]: Leaving directory '/home/jhowell/Code/CS480-Workspace/cs480Howell/PA6/build/CMakeFiles/CMakeTmp'
Makefile:126: recipe for target 'cmTC_5f2dd/fast' failed
make: *** [cmTC_5f2dd/fast] Error 2


