Determining if the pthread_create exist failed with the following output:
Change Dir: /home/jhowell/Code/CS480-Workspace/cs480Howell/PA11/build/CMakeFiles/CMakeTmp

Run Build Command:"/usr/bin/make" "cmTC_16c6e/fast"
/usr/bin/make -f CMakeFiles/cmTC_16c6e.dir/build.make CMakeFiles/cmTC_16c6e.dir/build
make[1]: Entering directory '/home/jhowell/Code/CS480-Workspace/cs480Howell/PA11/build/CMakeFiles/CMakeTmp'
Building C object CMakeFiles/cmTC_16c6e.dir/CheckSymbolExists.c.o
/usr/bin/cc    -o CMakeFiles/cmTC_16c6e.dir/CheckSymbolExists.c.o   -c /home/jhowell/Code/CS480-Workspace/cs480Howell/PA11/build/CMakeFiles/CMakeTmp/CheckSymbolExists.c
Linking C executable cmTC_16c6e
/usr/bin/cmake -E cmake_link_script CMakeFiles/cmTC_16c6e.dir/link.txt --verbose=1
/usr/bin/cc      -rdynamic CMakeFiles/cmTC_16c6e.dir/CheckSymbolExists.c.o  -o cmTC_16c6e 
CMakeFiles/cmTC_16c6e.dir/CheckSymbolExists.c.o: In function `main':
CheckSymbolExists.c:(.text+0x1b): undefined reference to `pthread_create'
collect2: error: ld returned 1 exit status
CMakeFiles/cmTC_16c6e.dir/build.make:97: recipe for target 'cmTC_16c6e' failed
make[1]: *** [cmTC_16c6e] Error 1
make[1]: Leaving directory '/home/jhowell/Code/CS480-Workspace/cs480Howell/PA11/build/CMakeFiles/CMakeTmp'
Makefile:126: recipe for target 'cmTC_16c6e/fast' failed
make: *** [cmTC_16c6e/fast] Error 2

File /home/jhowell/Code/CS480-Workspace/cs480Howell/PA11/build/CMakeFiles/CMakeTmp/CheckSymbolExists.c:
/* */
#include <pthread.h>

int main(int argc, char** argv)
{
  (void)argv;
#ifndef pthread_create
  return ((int*)(&pthread_create))[argc];
#else
  (void)argc;
  return 0;
#endif
}

Determining if the function pthread_create exists in the pthreads failed with the following output:
Change Dir: /home/jhowell/Code/CS480-Workspace/cs480Howell/PA11/build/CMakeFiles/CMakeTmp

Run Build Command:"/usr/bin/make" "cmTC_16cfa/fast"
/usr/bin/make -f CMakeFiles/cmTC_16cfa.dir/build.make CMakeFiles/cmTC_16cfa.dir/build
make[1]: Entering directory '/home/jhowell/Code/CS480-Workspace/cs480Howell/PA11/build/CMakeFiles/CMakeTmp'
Building C object CMakeFiles/cmTC_16cfa.dir/CheckFunctionExists.c.o
/usr/bin/cc   -DCHECK_FUNCTION_EXISTS=pthread_create   -o CMakeFiles/cmTC_16cfa.dir/CheckFunctionExists.c.o   -c /usr/share/cmake-3.10/Modules/CheckFunctionExists.c
Linking C executable cmTC_16cfa
/usr/bin/cmake -E cmake_link_script CMakeFiles/cmTC_16cfa.dir/link.txt --verbose=1
/usr/bin/cc  -DCHECK_FUNCTION_EXISTS=pthread_create    -rdynamic CMakeFiles/cmTC_16cfa.dir/CheckFunctionExists.c.o  -o cmTC_16cfa -lpthreads 
/usr/bin/ld: cannot find -lpthreads
collect2: error: ld returned 1 exit status
CMakeFiles/cmTC_16cfa.dir/build.make:97: recipe for target 'cmTC_16cfa' failed
make[1]: *** [cmTC_16cfa] Error 1
make[1]: Leaving directory '/home/jhowell/Code/CS480-Workspace/cs480Howell/PA11/build/CMakeFiles/CMakeTmp'
Makefile:126: recipe for target 'cmTC_16cfa/fast' failed
make: *** [cmTC_16cfa/fast] Error 2


