Determining if the pthread_create exist failed with the following output:
Change Dir: /home/jhowell/Code/CS480-Workspace/cs480Howell/PA1/CMakeFiles/CMakeTmp

Run Build Command:"/usr/bin/make" "cmTC_06584/fast"
/usr/bin/make -f CMakeFiles/cmTC_06584.dir/build.make CMakeFiles/cmTC_06584.dir/build
make[1]: Entering directory '/home/jhowell/Code/CS480-Workspace/cs480Howell/PA1/CMakeFiles/CMakeTmp'
Building C object CMakeFiles/cmTC_06584.dir/CheckSymbolExists.c.o
/usr/bin/cc    -o CMakeFiles/cmTC_06584.dir/CheckSymbolExists.c.o   -c /home/jhowell/Code/CS480-Workspace/cs480Howell/PA1/CMakeFiles/CMakeTmp/CheckSymbolExists.c
Linking C executable cmTC_06584
/usr/bin/cmake -E cmake_link_script CMakeFiles/cmTC_06584.dir/link.txt --verbose=1
/usr/bin/cc      -rdynamic CMakeFiles/cmTC_06584.dir/CheckSymbolExists.c.o  -o cmTC_06584 
CMakeFiles/cmTC_06584.dir/CheckSymbolExists.c.o: In function `main':
CheckSymbolExists.c:(.text+0x1b): undefined reference to `pthread_create'
collect2: error: ld returned 1 exit status
CMakeFiles/cmTC_06584.dir/build.make:97: recipe for target 'cmTC_06584' failed
make[1]: *** [cmTC_06584] Error 1
make[1]: Leaving directory '/home/jhowell/Code/CS480-Workspace/cs480Howell/PA1/CMakeFiles/CMakeTmp'
Makefile:126: recipe for target 'cmTC_06584/fast' failed
make: *** [cmTC_06584/fast] Error 2

File /home/jhowell/Code/CS480-Workspace/cs480Howell/PA1/CMakeFiles/CMakeTmp/CheckSymbolExists.c:
/* */
#include <pthread.h>

int main(int argc, char** argv)
{
  (void)argv;
#ifndef pthread_create
  return ((int*)(&pthread_create))[argc];
#else
  (void)argc;
  return 0;
#endif
}

Determining if the function pthread_create exists in the pthreads failed with the following output:
Change Dir: /home/jhowell/Code/CS480-Workspace/cs480Howell/PA1/CMakeFiles/CMakeTmp

Run Build Command:"/usr/bin/make" "cmTC_38335/fast"
/usr/bin/make -f CMakeFiles/cmTC_38335.dir/build.make CMakeFiles/cmTC_38335.dir/build
make[1]: Entering directory '/home/jhowell/Code/CS480-Workspace/cs480Howell/PA1/CMakeFiles/CMakeTmp'
Building C object CMakeFiles/cmTC_38335.dir/CheckFunctionExists.c.o
/usr/bin/cc   -DCHECK_FUNCTION_EXISTS=pthread_create   -o CMakeFiles/cmTC_38335.dir/CheckFunctionExists.c.o   -c /usr/share/cmake-3.10/Modules/CheckFunctionExists.c
Linking C executable cmTC_38335
/usr/bin/cmake -E cmake_link_script CMakeFiles/cmTC_38335.dir/link.txt --verbose=1
/usr/bin/cc  -DCHECK_FUNCTION_EXISTS=pthread_create    -rdynamic CMakeFiles/cmTC_38335.dir/CheckFunctionExists.c.o  -o cmTC_38335 -lpthreads 
/usr/bin/ld: cannot find -lpthreads
collect2: error: ld returned 1 exit status
CMakeFiles/cmTC_38335.dir/build.make:97: recipe for target 'cmTC_38335' failed
make[1]: *** [cmTC_38335] Error 1
make[1]: Leaving directory '/home/jhowell/Code/CS480-Workspace/cs480Howell/PA1/CMakeFiles/CMakeTmp'
Makefile:126: recipe for target 'cmTC_38335/fast' failed
make: *** [cmTC_38335/fast] Error 2


Determining if the pthread_create exist failed with the following output:
Change Dir: /home/jhowell/Desktop/PA2/CMakeFiles/CMakeTmp

Run Build Command:"/usr/bin/make" "cmTC_c41a6/fast"
/usr/bin/make -f CMakeFiles/cmTC_c41a6.dir/build.make CMakeFiles/cmTC_c41a6.dir/build
make[1]: Entering directory '/home/jhowell/Desktop/PA2/CMakeFiles/CMakeTmp'
Building C object CMakeFiles/cmTC_c41a6.dir/CheckSymbolExists.c.o
/usr/bin/cc    -o CMakeFiles/cmTC_c41a6.dir/CheckSymbolExists.c.o   -c /home/jhowell/Desktop/PA2/CMakeFiles/CMakeTmp/CheckSymbolExists.c
Linking C executable cmTC_c41a6
/usr/bin/cmake -E cmake_link_script CMakeFiles/cmTC_c41a6.dir/link.txt --verbose=1
/usr/bin/cc      -rdynamic CMakeFiles/cmTC_c41a6.dir/CheckSymbolExists.c.o  -o cmTC_c41a6 
CMakeFiles/cmTC_c41a6.dir/CheckSymbolExists.c.o: In function `main':
CheckSymbolExists.c:(.text+0x1b): undefined reference to `pthread_create'
collect2: error: ld returned 1 exit status
CMakeFiles/cmTC_c41a6.dir/build.make:97: recipe for target 'cmTC_c41a6' failed
make[1]: *** [cmTC_c41a6] Error 1
make[1]: Leaving directory '/home/jhowell/Desktop/PA2/CMakeFiles/CMakeTmp'
Makefile:126: recipe for target 'cmTC_c41a6/fast' failed
make: *** [cmTC_c41a6/fast] Error 2

File /home/jhowell/Desktop/PA2/CMakeFiles/CMakeTmp/CheckSymbolExists.c:
/* */
#include <pthread.h>

int main(int argc, char** argv)
{
  (void)argv;
#ifndef pthread_create
  return ((int*)(&pthread_create))[argc];
#else
  (void)argc;
  return 0;
#endif
}

Determining if the function pthread_create exists in the pthreads failed with the following output:
Change Dir: /home/jhowell/Desktop/PA2/CMakeFiles/CMakeTmp

Run Build Command:"/usr/bin/make" "cmTC_dcd8d/fast"
/usr/bin/make -f CMakeFiles/cmTC_dcd8d.dir/build.make CMakeFiles/cmTC_dcd8d.dir/build
make[1]: Entering directory '/home/jhowell/Desktop/PA2/CMakeFiles/CMakeTmp'
Building C object CMakeFiles/cmTC_dcd8d.dir/CheckFunctionExists.c.o
/usr/bin/cc   -DCHECK_FUNCTION_EXISTS=pthread_create   -o CMakeFiles/cmTC_dcd8d.dir/CheckFunctionExists.c.o   -c /usr/share/cmake-3.10/Modules/CheckFunctionExists.c
Linking C executable cmTC_dcd8d
/usr/bin/cmake -E cmake_link_script CMakeFiles/cmTC_dcd8d.dir/link.txt --verbose=1
/usr/bin/cc  -DCHECK_FUNCTION_EXISTS=pthread_create    -rdynamic CMakeFiles/cmTC_dcd8d.dir/CheckFunctionExists.c.o  -o cmTC_dcd8d -lpthreads 
/usr/bin/ld: cannot find -lpthreads
collect2: error: ld returned 1 exit status
CMakeFiles/cmTC_dcd8d.dir/build.make:97: recipe for target 'cmTC_dcd8d' failed
make[1]: *** [cmTC_dcd8d] Error 1
make[1]: Leaving directory '/home/jhowell/Desktop/PA2/CMakeFiles/CMakeTmp'
Makefile:126: recipe for target 'cmTC_dcd8d/fast' failed
make: *** [cmTC_dcd8d/fast] Error 2


Determining if the pthread_create exist failed with the following output:
Change Dir: /home/jhowell/Desktop/PA2/CMakeFiles/CMakeTmp

Run Build Command:"/usr/bin/make" "cmTC_5cd41/fast"
/usr/bin/make -f CMakeFiles/cmTC_5cd41.dir/build.make CMakeFiles/cmTC_5cd41.dir/build
make[1]: Entering directory '/home/jhowell/Desktop/PA2/CMakeFiles/CMakeTmp'
Building C object CMakeFiles/cmTC_5cd41.dir/CheckSymbolExists.c.o
/usr/bin/cc    -o CMakeFiles/cmTC_5cd41.dir/CheckSymbolExists.c.o   -c /home/jhowell/Desktop/PA2/CMakeFiles/CMakeTmp/CheckSymbolExists.c
Linking C executable cmTC_5cd41
/usr/bin/cmake -E cmake_link_script CMakeFiles/cmTC_5cd41.dir/link.txt --verbose=1
/usr/bin/cc      -rdynamic CMakeFiles/cmTC_5cd41.dir/CheckSymbolExists.c.o  -o cmTC_5cd41 
CMakeFiles/cmTC_5cd41.dir/CheckSymbolExists.c.o: In function `main':
CheckSymbolExists.c:(.text+0x1b): undefined reference to `pthread_create'
collect2: error: ld returned 1 exit status
CMakeFiles/cmTC_5cd41.dir/build.make:97: recipe for target 'cmTC_5cd41' failed
make[1]: *** [cmTC_5cd41] Error 1
make[1]: Leaving directory '/home/jhowell/Desktop/PA2/CMakeFiles/CMakeTmp'
Makefile:126: recipe for target 'cmTC_5cd41/fast' failed
make: *** [cmTC_5cd41/fast] Error 2

File /home/jhowell/Desktop/PA2/CMakeFiles/CMakeTmp/CheckSymbolExists.c:
/* */
#include <pthread.h>

int main(int argc, char** argv)
{
  (void)argv;
#ifndef pthread_create
  return ((int*)(&pthread_create))[argc];
#else
  (void)argc;
  return 0;
#endif
}

Determining if the function pthread_create exists in the pthreads failed with the following output:
Change Dir: /home/jhowell/Desktop/PA2/CMakeFiles/CMakeTmp

Run Build Command:"/usr/bin/make" "cmTC_7bd0d/fast"
/usr/bin/make -f CMakeFiles/cmTC_7bd0d.dir/build.make CMakeFiles/cmTC_7bd0d.dir/build
make[1]: Entering directory '/home/jhowell/Desktop/PA2/CMakeFiles/CMakeTmp'
Building C object CMakeFiles/cmTC_7bd0d.dir/CheckFunctionExists.c.o
/usr/bin/cc   -DCHECK_FUNCTION_EXISTS=pthread_create   -o CMakeFiles/cmTC_7bd0d.dir/CheckFunctionExists.c.o   -c /usr/share/cmake-3.10/Modules/CheckFunctionExists.c
Linking C executable cmTC_7bd0d
/usr/bin/cmake -E cmake_link_script CMakeFiles/cmTC_7bd0d.dir/link.txt --verbose=1
/usr/bin/cc  -DCHECK_FUNCTION_EXISTS=pthread_create    -rdynamic CMakeFiles/cmTC_7bd0d.dir/CheckFunctionExists.c.o  -o cmTC_7bd0d -lpthreads 
/usr/bin/ld: cannot find -lpthreads
collect2: error: ld returned 1 exit status
CMakeFiles/cmTC_7bd0d.dir/build.make:97: recipe for target 'cmTC_7bd0d' failed
make[1]: *** [cmTC_7bd0d] Error 1
make[1]: Leaving directory '/home/jhowell/Desktop/PA2/CMakeFiles/CMakeTmp'
Makefile:126: recipe for target 'cmTC_7bd0d/fast' failed
make: *** [cmTC_7bd0d/fast] Error 2


Determining if the pthread_create exist failed with the following output:
Change Dir: /home/jhowell/Desktop/PA2/CMakeFiles/CMakeTmp

Run Build Command:"/usr/bin/make" "cmTC_38090/fast"
/usr/bin/make -f CMakeFiles/cmTC_38090.dir/build.make CMakeFiles/cmTC_38090.dir/build
make[1]: Entering directory '/home/jhowell/Desktop/PA2/CMakeFiles/CMakeTmp'
Building C object CMakeFiles/cmTC_38090.dir/CheckSymbolExists.c.o
/usr/bin/cc    -o CMakeFiles/cmTC_38090.dir/CheckSymbolExists.c.o   -c /home/jhowell/Desktop/PA2/CMakeFiles/CMakeTmp/CheckSymbolExists.c
Linking C executable cmTC_38090
/usr/bin/cmake -E cmake_link_script CMakeFiles/cmTC_38090.dir/link.txt --verbose=1
/usr/bin/cc      -rdynamic CMakeFiles/cmTC_38090.dir/CheckSymbolExists.c.o  -o cmTC_38090 
CMakeFiles/cmTC_38090.dir/CheckSymbolExists.c.o: In function `main':
CheckSymbolExists.c:(.text+0x1b): undefined reference to `pthread_create'
collect2: error: ld returned 1 exit status
CMakeFiles/cmTC_38090.dir/build.make:97: recipe for target 'cmTC_38090' failed
make[1]: *** [cmTC_38090] Error 1
make[1]: Leaving directory '/home/jhowell/Desktop/PA2/CMakeFiles/CMakeTmp'
Makefile:126: recipe for target 'cmTC_38090/fast' failed
make: *** [cmTC_38090/fast] Error 2

File /home/jhowell/Desktop/PA2/CMakeFiles/CMakeTmp/CheckSymbolExists.c:
/* */
#include <pthread.h>

int main(int argc, char** argv)
{
  (void)argv;
#ifndef pthread_create
  return ((int*)(&pthread_create))[argc];
#else
  (void)argc;
  return 0;
#endif
}

Determining if the function pthread_create exists in the pthreads failed with the following output:
Change Dir: /home/jhowell/Desktop/PA2/CMakeFiles/CMakeTmp

Run Build Command:"/usr/bin/make" "cmTC_8171e/fast"
/usr/bin/make -f CMakeFiles/cmTC_8171e.dir/build.make CMakeFiles/cmTC_8171e.dir/build
make[1]: Entering directory '/home/jhowell/Desktop/PA2/CMakeFiles/CMakeTmp'
Building C object CMakeFiles/cmTC_8171e.dir/CheckFunctionExists.c.o
/usr/bin/cc   -DCHECK_FUNCTION_EXISTS=pthread_create   -o CMakeFiles/cmTC_8171e.dir/CheckFunctionExists.c.o   -c /usr/share/cmake-3.10/Modules/CheckFunctionExists.c
Linking C executable cmTC_8171e
/usr/bin/cmake -E cmake_link_script CMakeFiles/cmTC_8171e.dir/link.txt --verbose=1
/usr/bin/cc  -DCHECK_FUNCTION_EXISTS=pthread_create    -rdynamic CMakeFiles/cmTC_8171e.dir/CheckFunctionExists.c.o  -o cmTC_8171e -lpthreads 
/usr/bin/ld: cannot find -lpthreads
collect2: error: ld returned 1 exit status
CMakeFiles/cmTC_8171e.dir/build.make:97: recipe for target 'cmTC_8171e' failed
make[1]: *** [cmTC_8171e] Error 1
make[1]: Leaving directory '/home/jhowell/Desktop/PA2/CMakeFiles/CMakeTmp'
Makefile:126: recipe for target 'cmTC_8171e/fast' failed
make: *** [cmTC_8171e/fast] Error 2


Determining if the pthread_create exist failed with the following output:
Change Dir: /home/jhowell/Code/CS480-Workspace/cs480Howell/PA2/CMakeFiles/CMakeTmp

Run Build Command:"/usr/bin/make" "cmTC_0a020/fast"
/usr/bin/make -f CMakeFiles/cmTC_0a020.dir/build.make CMakeFiles/cmTC_0a020.dir/build
make[1]: Entering directory '/home/jhowell/Code/CS480-Workspace/cs480Howell/PA2/CMakeFiles/CMakeTmp'
Building C object CMakeFiles/cmTC_0a020.dir/CheckSymbolExists.c.o
/usr/bin/cc    -o CMakeFiles/cmTC_0a020.dir/CheckSymbolExists.c.o   -c /home/jhowell/Code/CS480-Workspace/cs480Howell/PA2/CMakeFiles/CMakeTmp/CheckSymbolExists.c
Linking C executable cmTC_0a020
/usr/bin/cmake -E cmake_link_script CMakeFiles/cmTC_0a020.dir/link.txt --verbose=1
/usr/bin/cc      -rdynamic CMakeFiles/cmTC_0a020.dir/CheckSymbolExists.c.o  -o cmTC_0a020 
CMakeFiles/cmTC_0a020.dir/CheckSymbolExists.c.o: In function `main':
CheckSymbolExists.c:(.text+0x1b): undefined reference to `pthread_create'
collect2: error: ld returned 1 exit status
CMakeFiles/cmTC_0a020.dir/build.make:97: recipe for target 'cmTC_0a020' failed
make[1]: *** [cmTC_0a020] Error 1
make[1]: Leaving directory '/home/jhowell/Code/CS480-Workspace/cs480Howell/PA2/CMakeFiles/CMakeTmp'
Makefile:126: recipe for target 'cmTC_0a020/fast' failed
make: *** [cmTC_0a020/fast] Error 2

File /home/jhowell/Code/CS480-Workspace/cs480Howell/PA2/CMakeFiles/CMakeTmp/CheckSymbolExists.c:
/* */
#include <pthread.h>

int main(int argc, char** argv)
{
  (void)argv;
#ifndef pthread_create
  return ((int*)(&pthread_create))[argc];
#else
  (void)argc;
  return 0;
#endif
}

Determining if the function pthread_create exists in the pthreads failed with the following output:
Change Dir: /home/jhowell/Code/CS480-Workspace/cs480Howell/PA2/CMakeFiles/CMakeTmp

Run Build Command:"/usr/bin/make" "cmTC_0aefe/fast"
/usr/bin/make -f CMakeFiles/cmTC_0aefe.dir/build.make CMakeFiles/cmTC_0aefe.dir/build
make[1]: Entering directory '/home/jhowell/Code/CS480-Workspace/cs480Howell/PA2/CMakeFiles/CMakeTmp'
Building C object CMakeFiles/cmTC_0aefe.dir/CheckFunctionExists.c.o
/usr/bin/cc   -DCHECK_FUNCTION_EXISTS=pthread_create   -o CMakeFiles/cmTC_0aefe.dir/CheckFunctionExists.c.o   -c /usr/share/cmake-3.10/Modules/CheckFunctionExists.c
Linking C executable cmTC_0aefe
/usr/bin/cmake -E cmake_link_script CMakeFiles/cmTC_0aefe.dir/link.txt --verbose=1
/usr/bin/cc  -DCHECK_FUNCTION_EXISTS=pthread_create    -rdynamic CMakeFiles/cmTC_0aefe.dir/CheckFunctionExists.c.o  -o cmTC_0aefe -lpthreads 
/usr/bin/ld: cannot find -lpthreads
collect2: error: ld returned 1 exit status
CMakeFiles/cmTC_0aefe.dir/build.make:97: recipe for target 'cmTC_0aefe' failed
make[1]: *** [cmTC_0aefe] Error 1
make[1]: Leaving directory '/home/jhowell/Code/CS480-Workspace/cs480Howell/PA2/CMakeFiles/CMakeTmp'
Makefile:126: recipe for target 'cmTC_0aefe/fast' failed
make: *** [cmTC_0aefe/fast] Error 2


Determining if the pthread_create exist failed with the following output:
Change Dir: /home/jhowell/Code/CS480-Workspace/cs480Howell/PA2/CMakeFiles/CMakeTmp

Run Build Command:"/usr/bin/make" "cmTC_917c9/fast"
make[1]: Entering directory '/home/jhowell/Code/CS480-Workspace/cs480Howell/PA2/CMakeFiles/CMakeTmp'
/usr/bin/make -f CMakeFiles/cmTC_917c9.dir/build.make CMakeFiles/cmTC_917c9.dir/build
make[2]: Entering directory '/home/jhowell/Code/CS480-Workspace/cs480Howell/PA2/CMakeFiles/CMakeTmp'
Building C object CMakeFiles/cmTC_917c9.dir/CheckSymbolExists.c.o
/usr/bin/cc    -o CMakeFiles/cmTC_917c9.dir/CheckSymbolExists.c.o   -c /home/jhowell/Code/CS480-Workspace/cs480Howell/PA2/CMakeFiles/CMakeTmp/CheckSymbolExists.c
Linking C executable cmTC_917c9
/usr/bin/cmake -E cmake_link_script CMakeFiles/cmTC_917c9.dir/link.txt --verbose=1
/usr/bin/cc      -rdynamic CMakeFiles/cmTC_917c9.dir/CheckSymbolExists.c.o  -o cmTC_917c9 
CMakeFiles/cmTC_917c9.dir/CheckSymbolExists.c.o: In function `main':
CheckSymbolExists.c:(.text+0x1b): undefined reference to `pthread_create'
collect2: error: ld returned 1 exit status
CMakeFiles/cmTC_917c9.dir/build.make:97: recipe for target 'cmTC_917c9' failed
make[2]: *** [cmTC_917c9] Error 1
make[2]: Leaving directory '/home/jhowell/Code/CS480-Workspace/cs480Howell/PA2/CMakeFiles/CMakeTmp'
Makefile:126: recipe for target 'cmTC_917c9/fast' failed
make[1]: *** [cmTC_917c9/fast] Error 2
make[1]: Leaving directory '/home/jhowell/Code/CS480-Workspace/cs480Howell/PA2/CMakeFiles/CMakeTmp'

File /home/jhowell/Code/CS480-Workspace/cs480Howell/PA2/CMakeFiles/CMakeTmp/CheckSymbolExists.c:
/* */
#include <pthread.h>

int main(int argc, char** argv)
{
  (void)argv;
#ifndef pthread_create
  return ((int*)(&pthread_create))[argc];
#else
  (void)argc;
  return 0;
#endif
}

Determining if the function pthread_create exists in the pthreads failed with the following output:
Change Dir: /home/jhowell/Code/CS480-Workspace/cs480Howell/PA2/CMakeFiles/CMakeTmp

Run Build Command:"/usr/bin/make" "cmTC_82536/fast"
make[1]: Entering directory '/home/jhowell/Code/CS480-Workspace/cs480Howell/PA2/CMakeFiles/CMakeTmp'
/usr/bin/make -f CMakeFiles/cmTC_82536.dir/build.make CMakeFiles/cmTC_82536.dir/build
make[2]: Entering directory '/home/jhowell/Code/CS480-Workspace/cs480Howell/PA2/CMakeFiles/CMakeTmp'
Building C object CMakeFiles/cmTC_82536.dir/CheckFunctionExists.c.o
/usr/bin/cc   -DCHECK_FUNCTION_EXISTS=pthread_create   -o CMakeFiles/cmTC_82536.dir/CheckFunctionExists.c.o   -c /usr/share/cmake-3.10/Modules/CheckFunctionExists.c
Linking C executable cmTC_82536
/usr/bin/cmake -E cmake_link_script CMakeFiles/cmTC_82536.dir/link.txt --verbose=1
/usr/bin/cc  -DCHECK_FUNCTION_EXISTS=pthread_create    -rdynamic CMakeFiles/cmTC_82536.dir/CheckFunctionExists.c.o  -o cmTC_82536 -lpthreads 
/usr/bin/ld: cannot find -lpthreads
collect2: error: ld returned 1 exit status
CMakeFiles/cmTC_82536.dir/build.make:97: recipe for target 'cmTC_82536' failed
make[2]: *** [cmTC_82536] Error 1
make[2]: Leaving directory '/home/jhowell/Code/CS480-Workspace/cs480Howell/PA2/CMakeFiles/CMakeTmp'
Makefile:126: recipe for target 'cmTC_82536/fast' failed
make[1]: *** [cmTC_82536/fast] Error 2
make[1]: Leaving directory '/home/jhowell/Code/CS480-Workspace/cs480Howell/PA2/CMakeFiles/CMakeTmp'


Determining if the pthread_create exist failed with the following output:
Change Dir: /home/jhowell/Code/CS480-Workspace/cs480Howell/PA2/CMakeFiles/CMakeTmp

Run Build Command:"/usr/bin/make" "cmTC_523ec/fast"
make[1]: Entering directory '/home/jhowell/Code/CS480-Workspace/cs480Howell/PA2/CMakeFiles/CMakeTmp'
/usr/bin/make -f CMakeFiles/cmTC_523ec.dir/build.make CMakeFiles/cmTC_523ec.dir/build
make[2]: Entering directory '/home/jhowell/Code/CS480-Workspace/cs480Howell/PA2/CMakeFiles/CMakeTmp'
Building C object CMakeFiles/cmTC_523ec.dir/CheckSymbolExists.c.o
/usr/bin/cc    -o CMakeFiles/cmTC_523ec.dir/CheckSymbolExists.c.o   -c /home/jhowell/Code/CS480-Workspace/cs480Howell/PA2/CMakeFiles/CMakeTmp/CheckSymbolExists.c
Linking C executable cmTC_523ec
/usr/bin/cmake -E cmake_link_script CMakeFiles/cmTC_523ec.dir/link.txt --verbose=1
/usr/bin/cc      -rdynamic CMakeFiles/cmTC_523ec.dir/CheckSymbolExists.c.o  -o cmTC_523ec 
CMakeFiles/cmTC_523ec.dir/CheckSymbolExists.c.o: In function `main':
CheckSymbolExists.c:(.text+0x1b): undefined reference to `pthread_create'
collect2: error: ld returned 1 exit status
CMakeFiles/cmTC_523ec.dir/build.make:97: recipe for target 'cmTC_523ec' failed
make[2]: *** [cmTC_523ec] Error 1
make[2]: Leaving directory '/home/jhowell/Code/CS480-Workspace/cs480Howell/PA2/CMakeFiles/CMakeTmp'
Makefile:126: recipe for target 'cmTC_523ec/fast' failed
make[1]: *** [cmTC_523ec/fast] Error 2
make[1]: Leaving directory '/home/jhowell/Code/CS480-Workspace/cs480Howell/PA2/CMakeFiles/CMakeTmp'

File /home/jhowell/Code/CS480-Workspace/cs480Howell/PA2/CMakeFiles/CMakeTmp/CheckSymbolExists.c:
/* */
#include <pthread.h>

int main(int argc, char** argv)
{
  (void)argv;
#ifndef pthread_create
  return ((int*)(&pthread_create))[argc];
#else
  (void)argc;
  return 0;
#endif
}

Determining if the function pthread_create exists in the pthreads failed with the following output:
Change Dir: /home/jhowell/Code/CS480-Workspace/cs480Howell/PA2/CMakeFiles/CMakeTmp

Run Build Command:"/usr/bin/make" "cmTC_0ccb7/fast"
make[1]: Entering directory '/home/jhowell/Code/CS480-Workspace/cs480Howell/PA2/CMakeFiles/CMakeTmp'
/usr/bin/make -f CMakeFiles/cmTC_0ccb7.dir/build.make CMakeFiles/cmTC_0ccb7.dir/build
make[2]: Entering directory '/home/jhowell/Code/CS480-Workspace/cs480Howell/PA2/CMakeFiles/CMakeTmp'
Building C object CMakeFiles/cmTC_0ccb7.dir/CheckFunctionExists.c.o
/usr/bin/cc   -DCHECK_FUNCTION_EXISTS=pthread_create   -o CMakeFiles/cmTC_0ccb7.dir/CheckFunctionExists.c.o   -c /usr/share/cmake-3.10/Modules/CheckFunctionExists.c
Linking C executable cmTC_0ccb7
/usr/bin/cmake -E cmake_link_script CMakeFiles/cmTC_0ccb7.dir/link.txt --verbose=1
/usr/bin/cc  -DCHECK_FUNCTION_EXISTS=pthread_create    -rdynamic CMakeFiles/cmTC_0ccb7.dir/CheckFunctionExists.c.o  -o cmTC_0ccb7 -lpthreads 
/usr/bin/ld: cannot find -lpthreads
collect2: error: ld returned 1 exit status
CMakeFiles/cmTC_0ccb7.dir/build.make:97: recipe for target 'cmTC_0ccb7' failed
make[2]: *** [cmTC_0ccb7] Error 1
make[2]: Leaving directory '/home/jhowell/Code/CS480-Workspace/cs480Howell/PA2/CMakeFiles/CMakeTmp'
Makefile:126: recipe for target 'cmTC_0ccb7/fast' failed
make[1]: *** [cmTC_0ccb7/fast] Error 2
make[1]: Leaving directory '/home/jhowell/Code/CS480-Workspace/cs480Howell/PA2/CMakeFiles/CMakeTmp'


